[2024-02-16T10:45:18.411] [INFO] server - req.headers.origin localhost:3015
[2024-02-16T10:46:00.207] [INFO] server - req.headers.origin http://localhost:8000
[2024-02-16T10:46:00.234] [INFO] server - req.headers.origin http://localhost:8000
[2024-02-16T10:47:13.196] [INFO] server - req.headers.origin localhost:3015
[2024-02-16T10:48:02.047] [INFO] appLogs - req.headers.origin localhost:3015
[2024-02-16T10:48:07.059] [INFO] appLogs - req.headers.origin localhost:3015
[2024-02-16T10:49:46.447] [INFO] appLogs - req.headers.origin localhost:3015
[2024-02-16T10:50:35.679] [INFO] appLogs - req.headers.origin undefined
[2024-02-16T10:50:35.681] [INFO] appLogs - req.headers.host localhost:3015
[2024-02-16T10:50:35.681] [INFO] appLogs - req.headers.origin localhost:3015
[2024-02-16T10:50:46.512] [INFO] appLogs - req.headers.origin http://localhost:8000
[2024-02-16T10:50:46.513] [INFO] appLogs - req.headers.host prosic.th-deg.de:3015
[2024-02-16T10:50:46.513] [INFO] appLogs - req.headers.origin http://localhost:8000
[2024-02-16T10:50:46.539] [INFO] appLogs - req.headers.origin http://localhost:8000
[2024-02-16T10:50:46.540] [INFO] appLogs - req.headers.host prosic.th-deg.de:3015
[2024-02-16T10:50:46.541] [INFO] appLogs - req.headers.origin http://localhost:8000
[2024-02-16T10:51:14.885] [INFO] appLogs - req.headers.origin http://www.localhost:8000
[2024-02-16T10:51:14.885] [INFO] appLogs - req.headers.host prosic.th-deg.de:3015
[2024-02-16T10:51:14.885] [INFO] appLogs - req.headers.origin http://www.localhost:8000
[2024-02-16T10:51:14.929] [INFO] appLogs - req.headers.origin http://www.localhost:8000
[2024-02-16T10:51:14.929] [INFO] appLogs - req.headers.host prosic.th-deg.de:3015
[2024-02-16T10:51:14.929] [INFO] appLogs - req.headers.origin http://www.localhost:8000
[2024-02-16T12:04:49.554] [INFO] appLogs - req.headers.origin http://www.localhost:8000
[2024-02-16T12:04:49.554] [INFO] appLogs - req.headers.host prosic.th-deg.de:3015
[2024-02-16T12:04:49.555] [INFO] appLogs - req.headers.origin http://www.localhost:8000
[2024-02-16T12:04:49.634] [INFO] appLogs - req.headers.origin http://www.localhost:8000
[2024-02-16T12:04:49.634] [INFO] appLogs - req.headers.host prosic.th-deg.de:3015
[2024-02-16T12:04:49.634] [INFO] appLogs - req.headers.origin http://www.localhost:8000
[2024-02-16T12:05:10.412] [INFO] appLogs - req.headers.origin undefined
[2024-02-16T12:05:10.412] [INFO] appLogs - req.headers.host localhost:3015
[2024-02-16T12:05:10.412] [INFO] appLogs - req.headers.origin localhost:3015
[2024-02-16T12:05:32.232] [INFO] appLogs - req.headers.origin undefined
[2024-02-16T12:05:32.234] [INFO] appLogs - req.headers.host localhost:3015
[2024-02-16T12:05:32.235] [INFO] appLogs - req.headers.origin localhost:3015
[2024-02-16T12:05:37.473] [INFO] appLogs - req.headers.origin http://www.localhost:8000
[2024-02-16T12:05:37.473] [INFO] appLogs - req.headers.host prosic.th-deg.de:3015
[2024-02-16T12:05:37.473] [INFO] appLogs - req.headers.origin prosic.th-deg.de:3015
[2024-02-16T12:05:37.563] [INFO] appLogs - req.headers.origin http://www.localhost:8000
[2024-02-16T12:05:37.563] [INFO] appLogs - req.headers.host prosic.th-deg.de:3015
[2024-02-16T12:05:37.564] [INFO] appLogs - req.headers.origin prosic.th-deg.de:3015
[2024-02-16T12:05:46.515] [INFO] appLogs - req.headers.origin http://localhost:8000
[2024-02-16T12:05:46.515] [INFO] appLogs - req.headers.host prosic.th-deg.de:3015
[2024-02-16T12:05:46.516] [INFO] appLogs - req.headers.origin prosic.th-deg.de:3015
[2024-02-16T12:05:46.577] [INFO] appLogs - req.headers.origin http://localhost:8000
[2024-02-16T12:05:46.577] [INFO] appLogs - req.headers.host prosic.th-deg.de:3015
[2024-02-16T12:05:46.578] [INFO] appLogs - req.headers.origin prosic.th-deg.de:3015
[2024-02-16T12:06:54.164] [INFO] appLogs - req.headers.origin http://localhost:8000
[2024-02-16T12:06:54.166] [INFO] appLogs - req.headers.host prosic.th-deg.de:3015
[2024-02-16T12:06:54.167] [INFO] appLogs - req.headers.origin prosic.th-deg.de:3015
[2024-02-16T12:06:54.193] [INFO] appLogs - req.headers.origin http://localhost:8000
[2024-02-16T12:06:54.193] [INFO] appLogs - req.headers.host prosic.th-deg.de:3015
[2024-02-16T12:06:54.194] [INFO] appLogs - req.headers.origin prosic.th-deg.de:3015
[2024-02-16T12:06:57.138] [INFO] appLogs - req.headers.origin undefined
[2024-02-16T12:06:57.139] [INFO] appLogs - req.headers.host localhost:3015
[2024-02-16T12:06:57.139] [INFO] appLogs - req.headers.origin localhost:3015
[2024-02-16T12:07:02.654] [INFO] appLogs - req.headers.origin undefined
[2024-02-16T12:07:02.655] [INFO] appLogs - req.headers.host www.localhost:3015
[2024-02-16T12:07:02.655] [INFO] appLogs - req.headers.origin www.localhost:3015
[2024-02-16T12:07:19.376] [INFO] appLogs - req.headers.origin http://localhost:8000
[2024-02-16T12:07:19.376] [INFO] appLogs - req.headers.host prosic.th-deg.de:3015
[2024-02-16T12:07:19.376] [INFO] appLogs - req.headers.origin prosic.th-deg.de:3015
[2024-02-16T12:07:19.398] [INFO] appLogs - req.headers.origin http://localhost:8000
[2024-02-16T12:07:19.398] [INFO] appLogs - req.headers.host prosic.th-deg.de:3015
[2024-02-16T12:07:19.399] [INFO] appLogs - req.headers.origin prosic.th-deg.de:3015
[2024-02-16T12:07:26.524] [INFO] appLogs - req.headers.origin http://www.localhost:8000
[2024-02-16T12:07:26.524] [INFO] appLogs - req.headers.host prosic.th-deg.de:3015
[2024-02-16T12:07:26.524] [INFO] appLogs - req.headers.origin prosic.th-deg.de:3015
[2024-02-16T12:07:26.560] [INFO] appLogs - req.headers.origin http://www.localhost:8000
[2024-02-16T12:07:26.560] [INFO] appLogs - req.headers.host prosic.th-deg.de:3015
[2024-02-16T12:07:26.561] [INFO] appLogs - req.headers.origin prosic.th-deg.de:3015
[2024-02-16T12:07:55.612] [INFO] appLogs - req.headers.origin undefined
[2024-02-16T12:07:55.613] [INFO] appLogs - req.headers.host localhost:3015
[2024-02-16T12:07:55.613] [INFO] appLogs - req.headers.origin localhost:3015
[2024-02-16T12:09:49.356] [INFO] mail_worker_server - Origin www.localhost:3015 is not allowed!
[2024-02-16T12:10:44.116] [INFO] mail_worker_server - Origin www.localhost:3015 is not allowed!
[2024-02-16T12:10:54.652] [ERROR] mail_worker_server - Origin www.localhost:3015 is not allowed!
[2024-02-16T12:11:12.649] [ERROR] mail_worker_server - Origin www.localhost:3015 is not allowed!
[2024-02-16T12:11:15.065] [ERROR] mail_worker_server - Origin www.localhost:3015 is not allowed!
[2024-02-16T12:11:15.904] [ERROR] mail_worker_server - Origin www.localhost:3015 is not allowed!
[2024-02-16T12:11:16.789] [ERROR] mail_worker_server - Origin www.localhost:3015 is not allowed!
[2024-02-16T12:12:23.003] [ERROR] mail_worker_server - Origin http://localhost:8000 is not allowed!
[2024-02-16T12:12:23.051] [ERROR] mail_worker_server - Origin http://localhost:8000 is not allowed!
[2024-02-16T12:12:34.492] [ERROR] mail_worker_server - Origin http://localhost:8000 is not allowed!
[2024-02-16T12:12:34.508] [ERROR] mail_worker_server - Origin http://localhost:8000 is not allowed!
[2024-02-16T12:14:26.546] [ERROR] mail_worker_server - Origin localhost:3015 is not allowed!
[2024-02-16T12:14:57.145] [ERROR] mail_worker_server - Origin localhost:3015 is not allowed!
[2024-02-16T12:15:18.012] [ERROR] mail_worker_server - Origin http://localhost:8000 is not allowed!
[2024-02-16T12:15:18.032] [ERROR] mail_worker_server - Origin http://localhost:8000 is not allowed!
[2024-02-16T12:18:50.496] [INFO] mail_worker_server - Entered route /nhfm/online_form
[2024-02-16T12:18:50.497] [INFO] mail_worker_server - {
  name: 'test',
  email: 'hello@tgh-de.de',
  phone: '',
  message: 'wrfwerew',
  token: 'JedANOyv3SqdiYpjLB4ZWmyKxksNEnOn7pyoMEz5hs+RBO6fFtHhRSyYk8p05fzvtvWcUnyH6EcWdEvpSofitDwhGhqyipjvXrQiqX8NJVgBCxy1Z1Z/BE37kTWEbxqskb1usQ==',
  googleToken: '03AFcWeA7eMAJBRI-QKLUjMPIsOHXzJJJOzq-i7yiQO2tYFZHXUaOxBKcq8cybJrfJMUmBwlepK-Lxi-YvcYrPHTcazGuUSpVH7q3XPiG8dFUSdMe7T2bbclXG2dnm0zryuQoGoBovJElJHTXpMo4Ojg-K1doF4i2TDJbHRA7QfuLH5c7R1DqsU_vmWmIcDu5SouEH5MTeZUYlIKSfYo8CwnqhniIZ3hY7b03juQcQvO_CEnceeWNHO7p-6dIwS7fVNguAdgDmbzEZADpwGZ-joD_wmsWk8tlLoldQPk7AFpLD983slk9t8PlXKCBo2kH0iCPMtIb1rvAl84sI7Eam7aKGt8NNEgq8BG4Ixca2dbV2hnDVubtVs80UoZVNVbwSy8R2FFaa2vDYC30IfVMKr5Y4Pv2dmUwDLAe9-bB-n7f1znZ9sHjZOeykeXiNQUceREeMwBXb-2IYcYr9BY3hvz5Jud8td26pLGhOPn7uXbEyGgNRg6b6vyfrH5WcTstMdRvINNozhAuluKhrJIqhflRhghQuSxdtUvp69r2oQ3GHvmf8FEJ0j7I4YHctDHPx2U7B4Dw4CwttHFqThirJC04xLs-y9h3X7VfzEKZqRrWvtrqXA2yhj1CFLhOQouktYeotK3qEl1Ws0t4ExnvpP7IiC25nLOE8yDYigOVcswO0QahF8vLY-2TmpgeAUY3da1FbplMn2dG2s7MujTcJfThA6t1bZaL2ZIp893M8Tboa7lmg1hz1Uk6XyoTtX5rxNODp3c5GWZE5uMS9SkdEAgDKEQvH9q1BbTkogWjlpC8ekboQTh2PvuTsWHlPxdj3ItZKLD7-p-ST8KAnyB86hKlzyWFhWU8FiwXJuXdWAxjcpOlwvupYCaQHzstcM5oV_L68BxYXVcnxO5FIv6BdKgoHPLS0rqdq2JozTZlOt8_5V6l0ASJSuF7lezxYFg-vVSbMN0R2QJ9x8u8tGG1eAMRMxaHiKXxJnZ3JqcLqgagCVe9gcNF4Q_45V1GahxjN1D6uLqnmSXbJBN5r_QvQkkw-sDExxEwZpjcDdgV1VtQo551PdTxdP7WpCy1YnLaXSi4MZswlRO0TtForZBCdw6n3CxVfOUK9TF7Qb-ENcxYo_FkFTuRXwgEFa8d6qitZfNmpsoCr86SCU6yIoUt2i4jNMYgWEtr5EefFT4tIZ9F4YOAygkL6oqMzsCfjkEtNottv8DmFuHAOTyiB5N2sxNr5wBthP22JIegjCi0ooN3eQkwnOMTvZ1KcEAUl1HC_jmULLm-BDnOvr94vAfbR74R9oUI5mhmxJ9y7ERtZkbMS2eyyvFpw-DoFMmgqOg-FK0k9g_qlXkyJ24aoAakVe1hDQXs3Bae435djrJFHI87AOjYekLBlb_AbiTtEkZSF8RXne-vdVWUReRWBLrTtt0ERAgcawiHnxAb8nJ74UG2TQo_NN4kB_Rv0gENHx-NHqGlWvXcZwOF2tP8br8hRlvPF8ib-QgSi27LytXzwjqRco5ndJ2xxIKLKO21cow-biSQ1qp9ZWQZUdzBpIYrn76m3P6Sk-bu95nwTooqn4io0_oS_aIiz63ZMZTZ1WfFIEozBndOsMOz0dyUsY9MUXw5uWhKNBrfIVknI21VMxAV68FssvT_A8xo'
}
[2024-02-16T12:19:16.981] [INFO] mail_worker_server - Entered route /nhfm/online_form
[2024-02-16T12:19:16.982] [INFO] mail_worker_server - {
  name: 'Boris',
  email: 'hello@tgh-de.de',
  phone: '',
  message: 'rwerwerwe',
  token: 'uI5NQQ6kVCbseNNyj7+eMuxeSOVJ6durWEl2nhtwtoVtkQthZ0x8oJlmqFhz95dOrbdBqCBQ1KU56QBnNfz8O0TI3r6Vr/4T/9WBS+J6a7bY4eW7seZqUTq9qY/xYeNwpw2K0Q==',
  googleToken: '03AFcWeA5uNxhtL7bKQ7WC-CE1061IfUqPWVJPXjYl9ohfi1qRc8oghE4i14Ef8hrXgJ1g9vU070y3oXvybIiiyAQ3gsSNIN60BSf59aod7pWWjF1wzj2y513aXip3ZEOhnRKwIK07l47ydkx0GtdMblsKZev04zHEzUEmQ3FT2O6bWG_OPUO8j40XSNbRX8dSdhmDCn7RjUn1W03DiLMhNiNYdmvIrBv8NajTUYq_sDYAxu4jQA4doh6gKjKZ8PoMoCIbIsjB0pfFFvJnR2_bPVHgBUYrzD43AqAYHGqbikE-zaJrhIEdK1magQlmKkgE6l1qxQlJKsKN_dpyWze9wU_qqmdW4j2siGJGeUaLpwxo20o6BfLNWAzvUegGkZO9-yBKDfKJF376i8nkV75vjtw0o1ZS8KZIHdi5qs-T1pkHuDX59dO9V2bg8Wxh3EpQu2oZIdxmwgJyeEkmo4lxmBatw0bZW51ODEp8SSc6yko3AogLtyCupE1gaKc1MlhotraUDbPzeiy1bjbh41GiPyoSAWHEqGBz5LvvDoBF4HuZLbSDAhTp0A0XzEPdda8WcAuApEFrd7OyxaIEy1OdkCESniDLlJb34ebKF20GNqlK7z7ibZkbjt8KAMcyGy4jTFC_wTEX8LmdQUmW5evN2_gF30RhALvRfPiSKuwakSCH6sQGsYnZUqOeL9kh9MWQVnIv722Rk-Oe3fzDqBYntvhUppIdWjE8b_qT7shn3NEJlIeUvFqjdGlRtGTaMXEholH5n9rrAgVrsKdhJzQGZIXts0YGRMmO_DUomFSwbrCYd2eCt_5nOg7mMRXUOMIl54E_RLvgSuNbwJwYIElrXQ_UbkE87J77yrN5NccNTnMuTnh7CzaQU8R0PFgXAQUG829jIjMX-qyEMfcOMSE6hY8_NFBFjYc8EveuHqBuqNNWjxZqJi1II5mfVnwE2U5BaEtiVGZ1LUwzrJ_hA-L1rHv_4N9XU1dXFBxsBHF_YX8BfhEdRg5vfvyLTp9b8d0mWnkrN9ejFzrTGJh-tOz77cqNcDUsGU_1D6CWUwCzYbD4Oh9-2-qDzINEYAq7sOECZ1mCO8QF_DE2EK897aEzVkbL0mhuuGxGW-osAR4FAPWwI0YriwscHnnkW8Wi0VY0KZY9hCUVmBFKzBchZ2vRSj4G8T2TAdwujBgyKVxG3ZxeRxs-WQzhabirh-MQcI85-Ef2uRSgn_6tr6Hu2Y7ZytfOYJxooWvgg-0hDuw-Xj5m-D1RhCWHwAs_sV0dA4NKmzFoB1jbA1KgcG6Gu2qlOr_eAnzJFaqE5iRGTjLoRv4IwhY5YzjePxNL4MA9VdL_-bx0-M7j1YqltxdoHyq0Zgh4PxBcJPe_YgR8TD-8xCllXoXE9dPfdt3x3kBv9eUxOgkzIs1oQvlioyg7FgNfPlLdPuUe2qnUN9dMU7Aglg72Dp4ZsQydAacb7mcQN-Lmv-Xk55murfsXOr3qSTdRuMU0ckV5WM2qNFMVIN-c1teJKqHtHS7JUc1hC53Fl_WS28SXpwl0UcMbYoSMUrRWviJCuH7QKITi7N01fkKghNtrS_gfU2Q9EwnVcwlgH5CyHSsusyfCxVLf8A9_hw727HKWhbhb6IxtvVU3hHS5xdIUe0VmWh_HSBM'
}
[2024-02-16T12:34:54.120] [INFO] mail_worker_server - Entered route /nhfm/online_form
[2024-02-16T12:34:54.121] [INFO] mail_worker_server - {
  name: 'Boris',
  email: 'vd2@th-deg.de',
  phone: '',
  message: 'fwefwede',
  token: 'JkzKW3LPmGIpJObYuwqmUdDIVvqm1pF5H3evxSUAZefAYgkS2k5UgKK8do8EnB//vxmtWBSklBwEgvU8UnTSgphlcMjKtkIe+wClPstMHg/LoA14sUjlPB23BbnB7qaGwOuqpw==',
  googleToken: '03AFcWeA4A_KLykRekaTRPNfoGWvn_Yl3J2XwDQTIvqA7bwYnUdPaXdNzS6FTR0wNPSCH2TSwfaF0d-fBxbZpfyix13AQrw8GldWbWq8uthmh3bE1-Uwx5vOwLm7V4lNj6xAZVLaVt26fq89H8Bv5lRGQ7wEtr6ErNtnDD1pOiv1OSA-X9YYSdHP_ktv3ZyabDzyK0UXAilZ8pMmp8ekt4bPPL0WuqWnfElKwZLeNnzDUzHfoniRdA5sBm6STwkQRzN0ceofXcxNwl8zOVO4kLGHOF964jXKzhXRWxJfwYUIW1ul487kPREhLIUh53_U3CuRBaOElR8tyHGsZ0c0DY1Q76w34DA84K19riExmcNf5Vb6GBHu1bBV21j4JieodrYHuSSqbTlDhcibA-mLOCdaQeFWBqxfUafwZSxlITmr6wxDo5a2U2gvc3qqW3uAak0nb0u9ws0BTGuX7hMM0RXMGaBDbAj2aLgrUnyrSJs5_7Y-q1cudu1F67IwC0PXY21xPj2qIcnVwLg9Bp7KyCyAuKNMepsB951R9sqaXoup8EqBB38AJadDTe5gpppQkJ0-SGqa3vo41MsiWXpmcnBqdmRunqpkZSBgS7GJEqvnlLw_gfGpaUP_95Wzc0LYb5ztQvPW0M_frvxGJ9AZkActr6SFCe6HuCFtbdzE3CFX3jue5R_eowJzKI8xhivDQsjfl_qZFq6OOxNsgdFzHrsZ5Y7AxJezqdhFMd01E4JLwP-1BvghsHUc4ps3wRcETrocCe3NHG10kiR4V9wUmlXoD7sgJDr6O3WTnb4j45sVtybq9Dg3-Vf07oTCK1eu3BSZfRfbZsTmxag8Z_xutiBHR3LZijsmnWXU3HD5bS_E0ctH5pHIQlWCOzqRuHL-1vC0InHcJA3M5tEsGKGYZAjMv_y8blOC5qoAQoxTsMI35i8b4Ak5mt_EDIF7gWnMbjCVTYh19wi-CMa4hVeXvJeWMYwcQzAgxmKYKzeJGvHCyHyTgOjmpuvP-TDmpfGq70pSSY1ZRjj6Sq7yghLBZGwEFGq-8EtLzknU4yc3SrhPYmCwYmb5FQkhvFFa29_N62ac_7F2P2kovfz2TSvTiSs0kLs9BmCt_EXjTs66kulOVpk_XVhl5NMBpP6b5FYcEvuT52htuJgTQr1rkjcorhq-YkqCvVLaG7HquQByz8-VtsdwJ9fybEsXNCOKF9wd4UqA8CmqhClB8YsU-SpL0J1SAeL4VQmV4ZM0gQFSb2pVWgepTarLgLp_rWCCL4I0v6TDA2Ykz4LaD6jXo_X6KzSf5SXT-EkXlK1520AsDJOz9hQZBa0aJIYK3NR_Aov5tzKl-hkqMkvCn_8Se1fdLBaSFloibmJBTYV6FW-ymcUOTOjrkcp8-K7GzyLFo2L1d3ckCF4qA6db-UMtXfd5EYUaR6Z5Su9snsWHQAWLyYZhWGvgrNxrlT7GqboslsXVv5AJAb0nqnMKtAiHNR0SnRYMmvS_bqt7adbyQ7CiY14a_okR5x-04acRawXQbKnKxGABbkWJGOEwN9mw18q4yPjB9keHCcAE9kas2L-bFMnexgWje_ugEcziRahowYpYyLnXM4UQDc0CKqexcmjaaiHsMpo4IH9dLhP2PsbNxqKvrRpGnZlk8jIrM'
}
[2024-02-16T12:34:54.146] [INFO] mail_worker_server - Entered route /nhfm/online_form
[2024-02-16T12:34:54.146] [INFO] mail_worker_server - {
  name: 'Boris',
  email: 'vd2@th-deg.de',
  phone: '',
  message: 'fwefwede',
  token: 'wEPlpBsRgOb7GoKw9DYGRO4oRF9xEzxGoV78DNcjJeltMdrAZRDNMCejwTWGdhLz4QjbOmt7DDDF8TkrMDxwSH6izydHTnkION2qeXvO2j6f8nU33igl3luyR7IgpPmv1VZQXg==',
  googleToken: '03AFcWeA4A_KLykRekaTRPNfoGWvn_Yl3J2XwDQTIvqA7bwYnUdPaXdNzS6FTR0wNPSCH2TSwfaF0d-fBxbZpfyix13AQrw8GldWbWq8uthmh3bE1-Uwx5vOwLm7V4lNj6xAZVLaVt26fq89H8Bv5lRGQ7wEtr6ErNtnDD1pOiv1OSA-X9YYSdHP_ktv3ZyabDzyK0UXAilZ8pMmp8ekt4bPPL0WuqWnfElKwZLeNnzDUzHfoniRdA5sBm6STwkQRzN0ceofXcxNwl8zOVO4kLGHOF964jXKzhXRWxJfwYUIW1ul487kPREhLIUh53_U3CuRBaOElR8tyHGsZ0c0DY1Q76w34DA84K19riExmcNf5Vb6GBHu1bBV21j4JieodrYHuSSqbTlDhcibA-mLOCdaQeFWBqxfUafwZSxlITmr6wxDo5a2U2gvc3qqW3uAak0nb0u9ws0BTGuX7hMM0RXMGaBDbAj2aLgrUnyrSJs5_7Y-q1cudu1F67IwC0PXY21xPj2qIcnVwLg9Bp7KyCyAuKNMepsB951R9sqaXoup8EqBB38AJadDTe5gpppQkJ0-SGqa3vo41MsiWXpmcnBqdmRunqpkZSBgS7GJEqvnlLw_gfGpaUP_95Wzc0LYb5ztQvPW0M_frvxGJ9AZkActr6SFCe6HuCFtbdzE3CFX3jue5R_eowJzKI8xhivDQsjfl_qZFq6OOxNsgdFzHrsZ5Y7AxJezqdhFMd01E4JLwP-1BvghsHUc4ps3wRcETrocCe3NHG10kiR4V9wUmlXoD7sgJDr6O3WTnb4j45sVtybq9Dg3-Vf07oTCK1eu3BSZfRfbZsTmxag8Z_xutiBHR3LZijsmnWXU3HD5bS_E0ctH5pHIQlWCOzqRuHL-1vC0InHcJA3M5tEsGKGYZAjMv_y8blOC5qoAQoxTsMI35i8b4Ak5mt_EDIF7gWnMbjCVTYh19wi-CMa4hVeXvJeWMYwcQzAgxmKYKzeJGvHCyHyTgOjmpuvP-TDmpfGq70pSSY1ZRjj6Sq7yghLBZGwEFGq-8EtLzknU4yc3SrhPYmCwYmb5FQkhvFFa29_N62ac_7F2P2kovfz2TSvTiSs0kLs9BmCt_EXjTs66kulOVpk_XVhl5NMBpP6b5FYcEvuT52htuJgTQr1rkjcorhq-YkqCvVLaG7HquQByz8-VtsdwJ9fybEsXNCOKF9wd4UqA8CmqhClB8YsU-SpL0J1SAeL4VQmV4ZM0gQFSb2pVWgepTarLgLp_rWCCL4I0v6TDA2Ykz4LaD6jXo_X6KzSf5SXT-EkXlK1520AsDJOz9hQZBa0aJIYK3NR_Aov5tzKl-hkqMkvCn_8Se1fdLBaSFloibmJBTYV6FW-ymcUOTOjrkcp8-K7GzyLFo2L1d3ckCF4qA6db-UMtXfd5EYUaR6Z5Su9snsWHQAWLyYZhWGvgrNxrlT7GqboslsXVv5AJAb0nqnMKtAiHNR0SnRYMmvS_bqt7adbyQ7CiY14a_okR5x-04acRawXQbKnKxGABbkWJGOEwN9mw18q4yPjB9keHCcAE9kas2L-bFMnexgWje_ugEcziRahowYpYyLnXM4UQDc0CKqexcmjaaiHsMpo4IH9dLhP2PsbNxqKvrRpGnZlk8jIrM'
}
[2024-02-16T13:45:04.423] [INFO] mail_worker_server - Entered route /nhfm/online_form
[2024-02-16T13:45:04.424] [INFO] mail_worker_server - {
  name: 'Boris',
  email: 'hello@th-deg.de',
  phone: '',
  message: 'ddded',
  token: '4lnDf9CJTXEGgHxeuqwnlkT1+p1IVZKt8mFzmq2FZJ2GPZWEzv9Ek7kkXltnGV2iSPnF3t8CaszagUGo4TOknD+MfJY5Hx5Jl4kF0/SF+1t0XGNFuXttKPr4qaM2XoAPCcWKfQ==',
  googleToken: '03AFcWeA7cujxBvJBHB-UMPGOpWwjOvniACW0RWhTIAQ3x6zH3o8lOlx-ZlJ_1C5LWrXro-IbtTauX9Q98N06EhWrDv-nGTxBTCcG1jkzzlGbanx2OPk9k9uWl_0zU5On76PntJ_VMXIfOcOYjbfwbCWQ6V8LR7CYR8DJUZOnrrzPdlLM8sz7cS8BibMcFDEufmp-eIlh8nTc790eFfOPFWl3r65CalesRgL8L2_6YP2jMGbzZ3XGvkrIxG-uDl7GxzDzg0GCUUKAk4aPmYJ0xS-UIXJZ1A2-EJzI4t6upu97zj9ZP7HD9dL2uDA68kEuKBsrmrgORRMtogArCz2d_vh3sYtFK7rOQjYgnA2RvT0AKPXnDwtePzlSQszLIJs9w-UEZDkIq7w5J5ujOmbhAEpV8TT41h2ZbidEM2-G4ixygHAIca6hiA9Ope1TyrwFatIRP39QxHztzTkoAI_Q6UoHwFMrgiXjV0kyi51EgsfyOMfNlwXQvMjCmqNiZR5835F3Z4VEk4ddb_etHxfZKeK2UbaafNotElj7_aAKQBsEFZU4-ioxKFVmZG2-iThYUYKrofp5AwnZu49ltRdaW0oxQZgl4L774yVp3Dy5ZSjmenIOfFZzCCgJ43h5Ec-eFiLH37EBbNFdW050sLjnd9mqFRJNVxv5vKfM0lbXmjeyj0V636ZwFWOw9s1gg5PlwTe6wldP9JhWFdIB1Ktg5VJhvFN6zcDs5hzea2AgAfxWKyOiBRyOUdWNW61ASHlaXc4xHBHlZg0B179Ovn3PiKOQeLR593PecC4Bjp0ezmAGn_R7n9R-DWfSlJqb-Tf0nvbVjfIOicF4Q8UJm_lkjLSu9Zzk4WxWMtWz8Jh7yxDQrqRfpKp8Yq63PjinGHFfBSdSGzhBkMyMMQnSnpI94t0lQDIU0N5xq24Wp5sWTKgnj6pZTRR7lLHVZvRF-xgIJltSkZ5rsM-N9BihfOlRaJ3BzRiHGyLvqdDCzcVzMWUNDQdHfh_s8T2skUPP28jxiyfEqG3zkq03Ve2We5DB57_-bqZoQ1vY2bv4Zs1zI2495iUkA0QS2WWb1w3bzNvinrgcesuorEk8fCPUQQYQF4elwlyPhegDwXRasXP1GPGYG6JDnjSd9z5nBoQwZsKREEMGTT7BkZseOqu8FXnB1obQgl_UoPx3Snnvwvavh1QXCEQ-hCIL-hRk3NWZOeGM-8sGEeh1-0KdsK8v4sKkCI4nJlA1OyVo4T3YhdsTQScjP64nikW_SPkTpeLMbobF85jK04qig7_Rh2eziF3thyjowMUvJaHl-XE1M_cEy_p58-Mv8EdmfWBXn5nh0h46sugCJLqQQ1-7k5CKfu9EbXEjbBTT_r_lLRIYoekHEsIVznir3jR_Dsmxr-5InW6GpGL-Gy5aZoJiuh3tZYo-XJHimgz2TRg6Mn_2YUfczHt0VM85FwzDb0nBdslk_9mUiG9B7nAf0U4DjuIBngvVVvxyr3d9RmgUYXDub0lRdU1Vv0JC1YPWsPA8jv4z112GaReq2mjjmUErtpXpeNneJi5gyT0egwojl2KT35HDHkvpuRVBd_jT3X-vf2jcBRW3bJZ-XW8d6ejlPOCbtv1uFt77GTaoD27h59a-1LnHttA-e0qNVNYf8uH4'
}
[2024-02-16T13:45:04.450] [INFO] mail_worker_server - Entered route /nhfm/online_form
[2024-02-16T13:45:04.451] [INFO] mail_worker_server - {
  name: 'Boris',
  email: 'hello@th-deg.de',
  phone: '',
  message: 'ddded',
  token: 'rJz7E6GRE0+C6SrM68vvf46oHaG53mUQi18uNCN5aIdbTiqyo4STIn6eHDaABWQDZ8IW7XAr/XMEN54/PEtm/DNBUl8KlH+ojz8NWhQ/XVkacoezw4CSlHocF5iqLstX4uGcXA==',
  googleToken: '03AFcWeA7cujxBvJBHB-UMPGOpWwjOvniACW0RWhTIAQ3x6zH3o8lOlx-ZlJ_1C5LWrXro-IbtTauX9Q98N06EhWrDv-nGTxBTCcG1jkzzlGbanx2OPk9k9uWl_0zU5On76PntJ_VMXIfOcOYjbfwbCWQ6V8LR7CYR8DJUZOnrrzPdlLM8sz7cS8BibMcFDEufmp-eIlh8nTc790eFfOPFWl3r65CalesRgL8L2_6YP2jMGbzZ3XGvkrIxG-uDl7GxzDzg0GCUUKAk4aPmYJ0xS-UIXJZ1A2-EJzI4t6upu97zj9ZP7HD9dL2uDA68kEuKBsrmrgORRMtogArCz2d_vh3sYtFK7rOQjYgnA2RvT0AKPXnDwtePzlSQszLIJs9w-UEZDkIq7w5J5ujOmbhAEpV8TT41h2ZbidEM2-G4ixygHAIca6hiA9Ope1TyrwFatIRP39QxHztzTkoAI_Q6UoHwFMrgiXjV0kyi51EgsfyOMfNlwXQvMjCmqNiZR5835F3Z4VEk4ddb_etHxfZKeK2UbaafNotElj7_aAKQBsEFZU4-ioxKFVmZG2-iThYUYKrofp5AwnZu49ltRdaW0oxQZgl4L774yVp3Dy5ZSjmenIOfFZzCCgJ43h5Ec-eFiLH37EBbNFdW050sLjnd9mqFRJNVxv5vKfM0lbXmjeyj0V636ZwFWOw9s1gg5PlwTe6wldP9JhWFdIB1Ktg5VJhvFN6zcDs5hzea2AgAfxWKyOiBRyOUdWNW61ASHlaXc4xHBHlZg0B179Ovn3PiKOQeLR593PecC4Bjp0ezmAGn_R7n9R-DWfSlJqb-Tf0nvbVjfIOicF4Q8UJm_lkjLSu9Zzk4WxWMtWz8Jh7yxDQrqRfpKp8Yq63PjinGHFfBSdSGzhBkMyMMQnSnpI94t0lQDIU0N5xq24Wp5sWTKgnj6pZTRR7lLHVZvRF-xgIJltSkZ5rsM-N9BihfOlRaJ3BzRiHGyLvqdDCzcVzMWUNDQdHfh_s8T2skUPP28jxiyfEqG3zkq03Ve2We5DB57_-bqZoQ1vY2bv4Zs1zI2495iUkA0QS2WWb1w3bzNvinrgcesuorEk8fCPUQQYQF4elwlyPhegDwXRasXP1GPGYG6JDnjSd9z5nBoQwZsKREEMGTT7BkZseOqu8FXnB1obQgl_UoPx3Snnvwvavh1QXCEQ-hCIL-hRk3NWZOeGM-8sGEeh1-0KdsK8v4sKkCI4nJlA1OyVo4T3YhdsTQScjP64nikW_SPkTpeLMbobF85jK04qig7_Rh2eziF3thyjowMUvJaHl-XE1M_cEy_p58-Mv8EdmfWBXn5nh0h46sugCJLqQQ1-7k5CKfu9EbXEjbBTT_r_lLRIYoekHEsIVznir3jR_Dsmxr-5InW6GpGL-Gy5aZoJiuh3tZYo-XJHimgz2TRg6Mn_2YUfczHt0VM85FwzDb0nBdslk_9mUiG9B7nAf0U4DjuIBngvVVvxyr3d9RmgUYXDub0lRdU1Vv0JC1YPWsPA8jv4z112GaReq2mjjmUErtpXpeNneJi5gyT0egwojl2KT35HDHkvpuRVBd_jT3X-vf2jcBRW3bJZ-XW8d6ejlPOCbtv1uFt77GTaoD27h59a-1LnHttA-e0qNVNYf8uH4'
}
[2024-02-16T13:46:48.493] [INFO] mail_worker_server - Entered route /nhfm/online_form
[2024-02-16T13:46:48.494] [INFO] mail_worker_server - {
  name: 'Boriss',
  email: 'boris.prosic@gmail.com',
  phone: '',
  message: 'fffe',
  token: 'DUGtRn1Yr2uGZyrnZHDPxRm550lRKgUQ0ZEaZUT2iYAIz3CmAWda6D/YcpBdGNxsHXEvBKRli8ZB0SOs7EppBsnckKS7TF9uzKH28hqJnTtv/Y59B8c7PgOO25u4QlbmKPgTeg==',
  googleToken: '03AFcWeA4fNxfclE98TcklHm6AanW3CewZtC08JVaZ91iUlnrAsx6h4GUoCWk862a1vkt13u6APjjZBp9M0PbnDI3FCfW2KZlWNZXcOckj4K9vz9vNML9qUYo0obz1XRSLdLG_fkYisnl7IwBQCTFeW3yLapIAAqAQ7TKCeResnvbIdGi38F39C3bHmfIRSXUKt6AwKS2X-1C-ixaPivUWbCqaDQlDXTLTBkNhSywEmAo3_IJPWGZlKdUwBTHLz6WBVJLvoTVaM1XFcweW6oNwvuw5UgJeeBx-Asec7ZifyJTLXd1EGA4i4y9Y1e5KTVkjIa6vTIwJBl6rcQ_nFSNKIYdGktXzJvnwkeLWIV5UvSCV6FFMffWTChm1tjTRKKo0pQtFVRSBo-En5HukywXEKqmqxMIY8QJQm8lS9FoPf4u7rHOUsZt_cpshZLwYRT_3yQyyN0hnCsFta7xIPeB306xr2MwgRToksenyMYcG8EnbhizmwhX-huFdvwhh0cpK967TnSz6oooqDJ49d0mVgWgUKBj4J2EqX3aH0LxQ86WwMKwKrLlljEaDpNhCuomWyr5JR3PjX4Qbx_Y8Aqx2taKWCAGPVCTO0P8pjWQHI1VmoIVmB4ioI2KXwFD6Y4d189lbex0wB-GHBjag9aNHOLOiXngg0DN5RJMKvbK6eHl_QBV98KzXaeYuy2ePb8VA1lNhVMiipezBr8lqzyOcOK1R9NxRKytwHBRRdsKlWF_kcGxZpPyUHFDxzGNrBLgBRKjbloQvFB3cwAzLwSMwJwiwGCOREjEFfVH0bve2ymFP_LTrcn9FLsRi1B_LNWcjySGNbT5ZCs3hHnPgEgc4fjgg2xPtBKMZ9X5I_DWMhIrowlMvSHFI_wVTxjh898w6HydqMcf6cgmMv4EKYhTrBn_sJHZ8JeIVyPY6guMTiMOVfdV69HEcK8QV1J2oJT7jdBrEgQ6DOOoZsyTe3w903Og6Pn523cRLGgnCAMd_8pV-I2z6ukUWuMLnkfXTpImWdFmaUH6KiEz7BOMolIrzzm7atSqkT6vi3fTK39zvRHnSRsKRF5seW_dYFbcfZzgZRA2jLjm_bvhYa8dDaY4yHZSNEA5lCENp15qeIt3P0MGNzC4kCCo19qAT0GBF1ekni1sIY7SVABTY3iJ5qQBZeLPr0_zaQtReEWI9ykvzg9BNGnowjB2vNUdzewHyAa106hAU97UpxeczpRUjmBPOJm-prfOMx968JYej90i7gKABR1Co3WSda5N83yuDBz2lTdr4Sk6bifHOBMUEZh1v9Fc5yEZmEKoYQeZVEo5QiTwUtlSciqVbDLZ4o_eU2JoQ2eRGevpEy6TMZnWosp73e7P-UHfDQ3e1JOo_9iVuZD_WvIL6X_GTVLqk42rDxQu3hVGrk1DsTnM4b-xRmk3Wwy5lrDCtzLsxV4RchezYxfHaG__KYzqlnZ93TvIhPwLcvP2zqkIUjgPYX-cmdtxKzgwSoEGCiuiYgPLsFDILJAehrlNmGn68sj79XuInn_9bVl_H_Vv17HNpLD5ZSl1tFrCykDaYQ3JjgbXAUrqgPje3VsOlh20p069YaZz_LbVbMRH9Frb31dmkT4RMeJG_26dx-nFNmRcJzXB7KMfkpKLAE1B92UHLIHVVPDgx1xIkbE6z7SCORB9v'
}
[2024-02-16T13:46:48.521] [INFO] mail_worker_server - Entered route /nhfm/online_form
[2024-02-16T13:46:48.521] [INFO] mail_worker_server - {
  name: 'Boriss',
  email: 'boris.prosic@gmail.com',
  phone: '',
  message: 'fffe',
  token: 'u3TOJdaetEBnTtZf75EmuxKevfxuipCQ3QeM0nrrAEmw3/vXTpm+b76tBEmnyYvK6xWsOgU8iw+uYnoUjBj5dMIJ57GOXTr/gwpFC4cTPdsm+6iNYVFw7iGUm4dvnFKVE5dLSA==',
  googleToken: '03AFcWeA4fNxfclE98TcklHm6AanW3CewZtC08JVaZ91iUlnrAsx6h4GUoCWk862a1vkt13u6APjjZBp9M0PbnDI3FCfW2KZlWNZXcOckj4K9vz9vNML9qUYo0obz1XRSLdLG_fkYisnl7IwBQCTFeW3yLapIAAqAQ7TKCeResnvbIdGi38F39C3bHmfIRSXUKt6AwKS2X-1C-ixaPivUWbCqaDQlDXTLTBkNhSywEmAo3_IJPWGZlKdUwBTHLz6WBVJLvoTVaM1XFcweW6oNwvuw5UgJeeBx-Asec7ZifyJTLXd1EGA4i4y9Y1e5KTVkjIa6vTIwJBl6rcQ_nFSNKIYdGktXzJvnwkeLWIV5UvSCV6FFMffWTChm1tjTRKKo0pQtFVRSBo-En5HukywXEKqmqxMIY8QJQm8lS9FoPf4u7rHOUsZt_cpshZLwYRT_3yQyyN0hnCsFta7xIPeB306xr2MwgRToksenyMYcG8EnbhizmwhX-huFdvwhh0cpK967TnSz6oooqDJ49d0mVgWgUKBj4J2EqX3aH0LxQ86WwMKwKrLlljEaDpNhCuomWyr5JR3PjX4Qbx_Y8Aqx2taKWCAGPVCTO0P8pjWQHI1VmoIVmB4ioI2KXwFD6Y4d189lbex0wB-GHBjag9aNHOLOiXngg0DN5RJMKvbK6eHl_QBV98KzXaeYuy2ePb8VA1lNhVMiipezBr8lqzyOcOK1R9NxRKytwHBRRdsKlWF_kcGxZpPyUHFDxzGNrBLgBRKjbloQvFB3cwAzLwSMwJwiwGCOREjEFfVH0bve2ymFP_LTrcn9FLsRi1B_LNWcjySGNbT5ZCs3hHnPgEgc4fjgg2xPtBKMZ9X5I_DWMhIrowlMvSHFI_wVTxjh898w6HydqMcf6cgmMv4EKYhTrBn_sJHZ8JeIVyPY6guMTiMOVfdV69HEcK8QV1J2oJT7jdBrEgQ6DOOoZsyTe3w903Og6Pn523cRLGgnCAMd_8pV-I2z6ukUWuMLnkfXTpImWdFmaUH6KiEz7BOMolIrzzm7atSqkT6vi3fTK39zvRHnSRsKRF5seW_dYFbcfZzgZRA2jLjm_bvhYa8dDaY4yHZSNEA5lCENp15qeIt3P0MGNzC4kCCo19qAT0GBF1ekni1sIY7SVABTY3iJ5qQBZeLPr0_zaQtReEWI9ykvzg9BNGnowjB2vNUdzewHyAa106hAU97UpxeczpRUjmBPOJm-prfOMx968JYej90i7gKABR1Co3WSda5N83yuDBz2lTdr4Sk6bifHOBMUEZh1v9Fc5yEZmEKoYQeZVEo5QiTwUtlSciqVbDLZ4o_eU2JoQ2eRGevpEy6TMZnWosp73e7P-UHfDQ3e1JOo_9iVuZD_WvIL6X_GTVLqk42rDxQu3hVGrk1DsTnM4b-xRmk3Wwy5lrDCtzLsxV4RchezYxfHaG__KYzqlnZ93TvIhPwLcvP2zqkIUjgPYX-cmdtxKzgwSoEGCiuiYgPLsFDILJAehrlNmGn68sj79XuInn_9bVl_H_Vv17HNpLD5ZSl1tFrCykDaYQ3JjgbXAUrqgPje3VsOlh20p069YaZz_LbVbMRH9Frb31dmkT4RMeJG_26dx-nFNmRcJzXB7KMfkpKLAE1B92UHLIHVVPDgx1xIkbE6z7SCORB9v'
}
[2024-02-16T13:50:11.944] [INFO] mail_worker_server - Entered route /nhfm/online_form
[2024-02-16T13:52:13.397] [INFO] mail_worker_server - Entered route /nhfm/online_form
[2024-02-16T13:52:13.517] [INFO] mail_worker_server - googleResponse {
  status: 200,
  statusText: 'OK',
  headers: Object [AxiosHeaders] {
    'content-type': 'application/json; charset=utf-8',
    date: 'Fri, 16 Feb 2024 12:52:13 GMT',
    expires: 'Fri, 16 Feb 2024 12:52:13 GMT',
    'cache-control': 'private, max-age=0',
    'x-content-type-options': 'nosniff',
    'x-frame-options': 'SAMEORIGIN',
    'content-security-policy': "frame-ancestors 'self'",
    'x-xss-protection': '1; mode=block',
    server: 'GSE',
    'alt-svc': 'h3=":443"; ma=2592000,h3-29=":443"; ma=2592000',
    connection: 'close',
    'transfer-encoding': 'chunked'
  },
  config: {
    transitional: {
      silentJSONParsing: true,
      forcedJSONParsing: true,
      clarifyTimeoutError: false
    },
    adapter: [ 'xhr', 'http' ],
    transformRequest: [ [Function: transformRequest] ],
    transformResponse: [ [Function: transformResponse] ],
    timeout: 0,
    xsrfCookieName: 'XSRF-TOKEN',
    xsrfHeaderName: 'X-XSRF-TOKEN',
    maxContentLength: -1,
    maxBodyLength: -1,
    env: { FormData: [Function], Blob: [class Blob] },
    validateStatus: [Function: validateStatus],
    headers: Object [AxiosHeaders] {
      Accept: 'application/json, text/plain, */*',
      'Content-Type': 'application/x-www-form-urlencoded',
      'User-Agent': 'axios/1.6.7',
      'Accept-Encoding': 'gzip, compress, deflate, br'
    },
    method: 'post',
    url: 'https://www.google.com/recaptcha/api/siteverify?secret=6LcTJ3QpAAAAAC0YrixsXNx7sW_ian5mjWia1cQM&response=03AFcWeA4giiQ-E5pR3UvcUQ7JgNbxlVMJI4fG0toe65cE5TihAOtc2GPx3NR0eH8P2a37jIQb5TmnE5QBb4ImVcx4CEay_ytU72Jve0CjYjaMluy70gqUENaYojzpLi9miHv92Kv1jJ6wKD9k4SWSqBAge2sOksnkuc30rcjzRd8CIla6mvQp27q3HnYlE44rWTR92VpUnrkfRPxlXLloGrll0Ef45fTI0yDF6VtJ5snzxde5Ro4TTD-pkjzOcWzR2U_4OfaNyCRbKSOayUDs4Fn-881ji0SK1V6rrh1YMZeCthUgKI5c5RY5hkPypolltGDFpyKqItvbYeBGh9KCaVmEdrkZVZZz7V9RD3PZDd1aVRDvBZlF6ZwTnU35rt347Mknnt5W8hnlYBRnT7U7lAdWZ4-fp1hu7VNCSvsYl1PdI0Amr9_5utnBM_09h_jw6woyTuYJv-liu_nAkg-mHj7zhfGBtAPuxELck-wVytHtsKtCVecvyArt0U6Vm_xEQCuyXFafUvq3KScLOVu6xg1_BJ1kc1gBsOdhrIBqFTZ4Kmy1e6fP75Pdz21_r7cREYGFoRYqV_33Iq3WbLyxhNFVZ39TYP5Y_FVuIkfyx5KH3-3Rmw3LJl7YUJEZL6ArMlKKayYmmJFdl-47iQ8qZ_Efak-09o7dAcJbgRgwrDPwszxZRaQ4_2-Gm4k7qrle459E7eBAaTO0QD0zC8DZSdEovj8roSZePgYDowTcuVn3M7NixAhM-idvC9MV4qe25iDH9a7ey3XagosgRmvFbbtY7V-BiEqOvu8D12s6O608jafDL15_NTuTY-IAaXOkFNAfAJQgB5_d2_UsKNjao11iL9whE06BO10Mp7a1oYAP4T34fXxELEVWKagU2d3Rurw2S55DbtER56eEHZZpmgVarO_VD7VlGRDthlOEbD0gLMEw9aukeevUbz2hcErT_1ky3_3gxRFFw43IhX2aUC9UOnMznQ-Z11WuwX5pfiAobuxner92ILcRPT8RG_xu0NbO8oOWcWd5-TW0PSupqrWBB3T1liBbwWjTmKwA1i___DHcIjFEjVnv-ku78doi1slEoKaGlm4L13kjz1BqY1S5rbHHYifFIQwCfTOP_crF3DaCdzWTvk_3MdPL1PxS-U0iEu9h15M3u-ijfk3OnTEocgE--xj8geQVBK-D994u_B_Y8Q-npTKAmbA6Lo-BXvqTxqRQGilotSfl5TTvJIYF4U7KBYlUoAwjFqGuAVPcA-x2kookwVvFP9-nuiNdAyYmCldgQUS7e8cyV12djWXiMHW-AJ7IFsZ9WjxcXS8hLTuy2slVP356XkVkUx--pl71sL557mv9hbCqv-hH4N9sDTIFRvHMRMosw9-P43JbLG4qoYr8qIR5u2wJ703tLxYvxxLxAGX8gl2yHIk0p3YQ4hZd1rwhK2TTgU8Mw60CsUqyNI_AtK3yWx7Kuzv7n-jVLnK5AhmPP4VrcmaFyn3WmpbGXGivK53-9jAFnIYGr8SWhH-vc_aIkeJNMz4eBM0WGtSFu8FL4HOwY8P92eCgoawHkIpoqxJ-Gcui_C0xmvNZFCArEpjSbY1Qi05kgPFTvGnhaLtFRdijakTnm4IN3GISOA4pOXD_IBUElPgz0gYMhbXprYyxVeIAQ7fuyk_o2tkNPvjA',
    data: undefined
  },
  request: <ref *1> ClientRequest {
    _events: [Object: null prototype] {
      abort: [Function (anonymous)],
      aborted: [Function (anonymous)],
      connect: [Function (anonymous)],
      error: [Function (anonymous)],
      socket: [Function (anonymous)],
      timeout: [Function (anonymous)],
      finish: [Function: requestOnFinish]
    },
    _eventsCount: 7,
    _maxListeners: undefined,
    outputData: [],
    outputSize: 0,
    writable: true,
    destroyed: true,
    _last: true,
    chunkedEncoding: false,
    shouldKeepAlive: false,
    maxRequestsOnConnectionReached: false,
    _defaultKeepAlive: true,
    useChunkedEncodingByDefault: true,
    sendDate: false,
    _removedConnection: false,
    _removedContLen: false,
    _removedTE: false,
    strictContentLength: false,
    _contentLength: 0,
    _hasBody: true,
    _trailer: '',
    finished: true,
    _headerSent: true,
    _closed: true,
    socket: TLSSocket {
      _tlsOptions: [Object],
      _secureEstablished: true,
      _securePending: false,
      _newSessionPending: false,
      _controlReleased: true,
      secureConnecting: false,
      _SNICallback: null,
      servername: 'www.google.com',
      alpnProtocol: false,
      authorized: true,
      authorizationError: null,
      encrypted: true,
      _events: [Object: null prototype],
      _eventsCount: 9,
      connecting: false,
      _hadError: false,
      _parent: null,
      _host: 'www.google.com',
      _closeAfterHandlingError: false,
      _readableState: [ReadableState],
      _maxListeners: undefined,
      _writableState: [WritableState],
      allowHalfOpen: false,
      _sockname: null,
      _pendingData: null,
      _pendingEncoding: '',
      server: undefined,
      _server: null,
      ssl: null,
      _requestCert: true,
      _rejectUnauthorized: false,
      parser: null,
      _httpMessage: [Circular *1],
      [Symbol(res)]: null,
      [Symbol(verified)]: true,
      [Symbol(pendingSession)]: null,
      [Symbol(async_id_symbol)]: 96,
      [Symbol(kHandle)]: null,
      [Symbol(lastWriteQueueSize)]: 0,
      [Symbol(timeout)]: null,
      [Symbol(kBuffer)]: null,
      [Symbol(kBufferCb)]: null,
      [Symbol(kBufferGen)]: null,
      [Symbol(kCapture)]: false,
      [Symbol(kSetNoDelay)]: false,
      [Symbol(kSetKeepAlive)]: true,
      [Symbol(kSetKeepAliveInitialDelay)]: 60,
      [Symbol(kBytesRead)]: 706,
      [Symbol(kBytesWritten)]: 2002,
      [Symbol(connect-options)]: [Object]
    },
    _header: 'POST /recaptcha/api/siteverify?secret=6LcTJ3QpAAAAAC0YrixsXNx7sW_ian5mjWia1cQM&response=03AFcWeA4giiQ-E5pR3UvcUQ7JgNbxlVMJI4fG0toe65cE5TihAOtc2GPx3NR0eH8P2a37jIQb5TmnE5QBb4ImVcx4CEay_ytU72Jve0CjYjaMluy70gqUENaYojzpLi9miHv92Kv1jJ6wKD9k4SWSqBAge2sOksnkuc30rcjzRd8CIla6mvQp27q3HnYlE44rWTR92VpUnrkfRPxlXLloGrll0Ef45fTI0yDF6VtJ5snzxde5Ro4TTD-pkjzOcWzR2U_4OfaNyCRbKSOayUDs4Fn-881ji0SK1V6rrh1YMZeCthUgKI5c5RY5hkPypolltGDFpyKqItvbYeBGh9KCaVmEdrkZVZZz7V9RD3PZDd1aVRDvBZlF6ZwTnU35rt347Mknnt5W8hnlYBRnT7U7lAdWZ4-fp1hu7VNCSvsYl1PdI0Amr9_5utnBM_09h_jw6woyTuYJv-liu_nAkg-mHj7zhfGBtAPuxELck-wVytHtsKtCVecvyArt0U6Vm_xEQCuyXFafUvq3KScLOVu6xg1_BJ1kc1gBsOdhrIBqFTZ4Kmy1e6fP75Pdz21_r7cREYGFoRYqV_33Iq3WbLyxhNFVZ39TYP5Y_FVuIkfyx5KH3-3Rmw3LJl7YUJEZL6ArMlKKayYmmJFdl-47iQ8qZ_Efak-09o7dAcJbgRgwrDPwszxZRaQ4_2-Gm4k7qrle459E7eBAaTO0QD0zC8DZSdEovj8roSZePgYDowTcuVn3M7NixAhM-idvC9MV4qe25iDH9a7ey3XagosgRmvFbbtY7V-BiEqOvu8D12s6O608jafDL15_NTuTY-IAaXOkFNAfAJQgB5_d2_UsKNjao11iL9whE06BO10Mp7a1oYAP4T34fXxELEVWKagU2d3Rurw2S55DbtER56eEHZZpmgVarO_VD7VlGRDthlOEbD0gLMEw9aukeevUbz2hcErT_1ky3_3gxRFFw43IhX2aUC9UOnMznQ-Z11WuwX5pfiAobuxner92ILcRPT8RG_xu0NbO8oOWcWd5-TW0PSupqrWBB3T1liBbwWjTmKwA1i___DHcIjFEjVnv-ku78doi1slEoKaGlm4L13kjz1BqY1S5rbHHYifFIQwCfTOP_crF3DaCdzWTvk_3MdPL1PxS-U0iEu9h15M3u-ijfk3OnTEocgE--xj8geQVBK-D994u_B_Y8Q-npTKAmbA6Lo-BXvqTxqRQGilotSfl5TTvJIYF4U7KBYlUoAwjFqGuAVPcA-x2kookwVvFP9-nuiNdAyYmCldgQUS7e8cyV12djWXiMHW-AJ7IFsZ9WjxcXS8hLTuy2slVP356XkVkUx--pl71sL557mv9hbCqv-hH4N9sDTIFRvHMRMosw9-P43JbLG4qoYr8qIR5u2wJ703tLxYvxxLxAGX8gl2yHIk0p3YQ4hZd1rwhK2TTgU8Mw60CsUqyNI_AtK3yWx7Kuzv7n-jVLnK5AhmPP4VrcmaFyn3WmpbGXGivK53-9jAFnIYGr8SWhH-vc_aIkeJNMz4eBM0WGtSFu8FL4HOwY8P92eCgoawHkIpoqxJ-Gcui_C0xmvNZFCArEpjSbY1Qi05kgPFTvGnhaLtFRdijakTnm4IN3GISOA4pOXD_IBUElPgz0gYMhbXprYyxVeIAQ7fuyk_o2tkNPvjA HTTP/1.1\r\n' +
      'Accept: application/json, text/plain, */*\r\n' +
      'Content-Type: application/x-www-form-urlencoded\r\n' +
      'User-Agent: axios/1.6.7\r\n' +
      'Accept-Encoding: gzip, compress, deflate, br\r\n' +
      'Host: www.google.com\r\n' +
      'Connection: close\r\n' +
      'Content-Length: 0\r\n' +
      '\r\n',
    _keepAliveTimeout: 0,
    _onPendingData: [Function: nop],
    agent: Agent {
      _events: [Object: null prototype],
      _eventsCount: 2,
      _maxListeners: undefined,
      defaultPort: 443,
      protocol: 'https:',
      options: [Object: null prototype],
      requests: [Object: null prototype] {},
      sockets: [Object: null prototype] {},
      freeSockets: [Object: null prototype] {},
      keepAliveMsecs: 1000,
      keepAlive: false,
      maxSockets: Infinity,
      maxFreeSockets: 256,
      scheduling: 'lifo',
      maxTotalSockets: Infinity,
      totalSocketCount: 0,
      maxCachedSessions: 100,
      _sessionCache: [Object],
      [Symbol(kCapture)]: false
    },
    socketPath: undefined,
    method: 'POST',
    maxHeaderSize: undefined,
    insecureHTTPParser: undefined,
    joinDuplicateHeaders: undefined,
    path: '/recaptcha/api/siteverify?secret=6LcTJ3QpAAAAAC0YrixsXNx7sW_ian5mjWia1cQM&response=03AFcWeA4giiQ-E5pR3UvcUQ7JgNbxlVMJI4fG0toe65cE5TihAOtc2GPx3NR0eH8P2a37jIQb5TmnE5QBb4ImVcx4CEay_ytU72Jve0CjYjaMluy70gqUENaYojzpLi9miHv92Kv1jJ6wKD9k4SWSqBAge2sOksnkuc30rcjzRd8CIla6mvQp27q3HnYlE44rWTR92VpUnrkfRPxlXLloGrll0Ef45fTI0yDF6VtJ5snzxde5Ro4TTD-pkjzOcWzR2U_4OfaNyCRbKSOayUDs4Fn-881ji0SK1V6rrh1YMZeCthUgKI5c5RY5hkPypolltGDFpyKqItvbYeBGh9KCaVmEdrkZVZZz7V9RD3PZDd1aVRDvBZlF6ZwTnU35rt347Mknnt5W8hnlYBRnT7U7lAdWZ4-fp1hu7VNCSvsYl1PdI0Amr9_5utnBM_09h_jw6woyTuYJv-liu_nAkg-mHj7zhfGBtAPuxELck-wVytHtsKtCVecvyArt0U6Vm_xEQCuyXFafUvq3KScLOVu6xg1_BJ1kc1gBsOdhrIBqFTZ4Kmy1e6fP75Pdz21_r7cREYGFoRYqV_33Iq3WbLyxhNFVZ39TYP5Y_FVuIkfyx5KH3-3Rmw3LJl7YUJEZL6ArMlKKayYmmJFdl-47iQ8qZ_Efak-09o7dAcJbgRgwrDPwszxZRaQ4_2-Gm4k7qrle459E7eBAaTO0QD0zC8DZSdEovj8roSZePgYDowTcuVn3M7NixAhM-idvC9MV4qe25iDH9a7ey3XagosgRmvFbbtY7V-BiEqOvu8D12s6O608jafDL15_NTuTY-IAaXOkFNAfAJQgB5_d2_UsKNjao11iL9whE06BO10Mp7a1oYAP4T34fXxELEVWKagU2d3Rurw2S55DbtER56eEHZZpmgVarO_VD7VlGRDthlOEbD0gLMEw9aukeevUbz2hcErT_1ky3_3gxRFFw43IhX2aUC9UOnMznQ-Z11WuwX5pfiAobuxner92ILcRPT8RG_xu0NbO8oOWcWd5-TW0PSupqrWBB3T1liBbwWjTmKwA1i___DHcIjFEjVnv-ku78doi1slEoKaGlm4L13kjz1BqY1S5rbHHYifFIQwCfTOP_crF3DaCdzWTvk_3MdPL1PxS-U0iEu9h15M3u-ijfk3OnTEocgE--xj8geQVBK-D994u_B_Y8Q-npTKAmbA6Lo-BXvqTxqRQGilotSfl5TTvJIYF4U7KBYlUoAwjFqGuAVPcA-x2kookwVvFP9-nuiNdAyYmCldgQUS7e8cyV12djWXiMHW-AJ7IFsZ9WjxcXS8hLTuy2slVP356XkVkUx--pl71sL557mv9hbCqv-hH4N9sDTIFRvHMRMosw9-P43JbLG4qoYr8qIR5u2wJ703tLxYvxxLxAGX8gl2yHIk0p3YQ4hZd1rwhK2TTgU8Mw60CsUqyNI_AtK3yWx7Kuzv7n-jVLnK5AhmPP4VrcmaFyn3WmpbGXGivK53-9jAFnIYGr8SWhH-vc_aIkeJNMz4eBM0WGtSFu8FL4HOwY8P92eCgoawHkIpoqxJ-Gcui_C0xmvNZFCArEpjSbY1Qi05kgPFTvGnhaLtFRdijakTnm4IN3GISOA4pOXD_IBUElPgz0gYMhbXprYyxVeIAQ7fuyk_o2tkNPvjA',
    _ended: true,
    res: IncomingMessage {
      _readableState: [ReadableState],
      _events: [Object: null prototype],
      _eventsCount: 4,
      _maxListeners: undefined,
      socket: [TLSSocket],
      httpVersionMajor: 1,
      httpVersionMinor: 1,
      httpVersion: '1.1',
      complete: true,
      rawHeaders: [Array],
      rawTrailers: [],
      joinDuplicateHeaders: undefined,
      aborted: false,
      upgrade: false,
      url: '',
      method: null,
      statusCode: 200,
      statusMessage: 'OK',
      client: [TLSSocket],
      _consuming: true,
      _dumped: false,
      req: [Circular *1],
      responseUrl: 'https://www.google.com/recaptcha/api/siteverify?secret=6LcTJ3QpAAAAAC0YrixsXNx7sW_ian5mjWia1cQM&response=03AFcWeA4giiQ-E5pR3UvcUQ7JgNbxlVMJI4fG0toe65cE5TihAOtc2GPx3NR0eH8P2a37jIQb5TmnE5QBb4ImVcx4CEay_ytU72Jve0CjYjaMluy70gqUENaYojzpLi9miHv92Kv1jJ6wKD9k4SWSqBAge2sOksnkuc30rcjzRd8CIla6mvQp27q3HnYlE44rWTR92VpUnrkfRPxlXLloGrll0Ef45fTI0yDF6VtJ5snzxde5Ro4TTD-pkjzOcWzR2U_4OfaNyCRbKSOayUDs4Fn-881ji0SK1V6rrh1YMZeCthUgKI5c5RY5hkPypolltGDFpyKqItvbYeBGh9KCaVmEdrkZVZZz7V9RD3PZDd1aVRDvBZlF6ZwTnU35rt347Mknnt5W8hnlYBRnT7U7lAdWZ4-fp1hu7VNCSvsYl1PdI0Amr9_5utnBM_09h_jw6woyTuYJv-liu_nAkg-mHj7zhfGBtAPuxELck-wVytHtsKtCVecvyArt0U6Vm_xEQCuyXFafUvq3KScLOVu6xg1_BJ1kc1gBsOdhrIBqFTZ4Kmy1e6fP75Pdz21_r7cREYGFoRYqV_33Iq3WbLyxhNFVZ39TYP5Y_FVuIkfyx5KH3-3Rmw3LJl7YUJEZL6ArMlKKayYmmJFdl-47iQ8qZ_Efak-09o7dAcJbgRgwrDPwszxZRaQ4_2-Gm4k7qrle459E7eBAaTO0QD0zC8DZSdEovj8roSZePgYDowTcuVn3M7NixAhM-idvC9MV4qe25iDH9a7ey3XagosgRmvFbbtY7V-BiEqOvu8D12s6O608jafDL15_NTuTY-IAaXOkFNAfAJQgB5_d2_UsKNjao11iL9whE06BO10Mp7a1oYAP4T34fXxELEVWKagU2d3Rurw2S55DbtER56eEHZZpmgVarO_VD7VlGRDthlOEbD0gLMEw9aukeevUbz2hcErT_1ky3_3gxRFFw43IhX2aUC9UOnMznQ-Z11WuwX5pfiAobuxner92ILcRPT8RG_xu0NbO8oOWcWd5-TW0PSupqrWBB3T1liBbwWjTmKwA1i___DHcIjFEjVnv-ku78doi1slEoKaGlm4L13kjz1BqY1S5rbHHYifFIQwCfTOP_crF3DaCdzWTvk_3MdPL1PxS-U0iEu9h15M3u-ijfk3OnTEocgE--xj8geQVBK-D994u_B_Y8Q-npTKAmbA6Lo-BXvqTxqRQGilotSfl5TTvJIYF4U7KBYlUoAwjFqGuAVPcA-x2kookwVvFP9-nuiNdAyYmCldgQUS7e8cyV12djWXiMHW-AJ7IFsZ9WjxcXS8hLTuy2slVP356XkVkUx--pl71sL557mv9hbCqv-hH4N9sDTIFRvHMRMosw9-P43JbLG4qoYr8qIR5u2wJ703tLxYvxxLxAGX8gl2yHIk0p3YQ4hZd1rwhK2TTgU8Mw60CsUqyNI_AtK3yWx7Kuzv7n-jVLnK5AhmPP4VrcmaFyn3WmpbGXGivK53-9jAFnIYGr8SWhH-vc_aIkeJNMz4eBM0WGtSFu8FL4HOwY8P92eCgoawHkIpoqxJ-Gcui_C0xmvNZFCArEpjSbY1Qi05kgPFTvGnhaLtFRdijakTnm4IN3GISOA4pOXD_IBUElPgz0gYMhbXprYyxVeIAQ7fuyk_o2tkNPvjA',
      redirects: [],
      [Symbol(kCapture)]: false,
      [Symbol(kHeaders)]: [Object],
      [Symbol(kHeadersCount)]: 26,
      [Symbol(kTrailers)]: null,
      [Symbol(kTrailersCount)]: 0
    },
    aborted: false,
    timeoutCb: null,
    upgradeOrConnect: false,
    parser: null,
    maxHeadersCount: null,
    reusedSocket: false,
    host: 'www.google.com',
    protocol: 'https:',
    _redirectable: Writable {
      _writableState: [WritableState],
      _events: [Object: null prototype],
      _eventsCount: 3,
      _maxListeners: undefined,
      _options: [Object],
      _ended: true,
      _ending: true,
      _redirectCount: 0,
      _redirects: [],
      _requestBodyLength: 0,
      _requestBodyBuffers: [],
      _onNativeResponse: [Function (anonymous)],
      _currentRequest: [Circular *1],
      _currentUrl: 'https://www.google.com/recaptcha/api/siteverify?secret=6LcTJ3QpAAAAAC0YrixsXNx7sW_ian5mjWia1cQM&response=03AFcWeA4giiQ-E5pR3UvcUQ7JgNbxlVMJI4fG0toe65cE5TihAOtc2GPx3NR0eH8P2a37jIQb5TmnE5QBb4ImVcx4CEay_ytU72Jve0CjYjaMluy70gqUENaYojzpLi9miHv92Kv1jJ6wKD9k4SWSqBAge2sOksnkuc30rcjzRd8CIla6mvQp27q3HnYlE44rWTR92VpUnrkfRPxlXLloGrll0Ef45fTI0yDF6VtJ5snzxde5Ro4TTD-pkjzOcWzR2U_4OfaNyCRbKSOayUDs4Fn-881ji0SK1V6rrh1YMZeCthUgKI5c5RY5hkPypolltGDFpyKqItvbYeBGh9KCaVmEdrkZVZZz7V9RD3PZDd1aVRDvBZlF6ZwTnU35rt347Mknnt5W8hnlYBRnT7U7lAdWZ4-fp1hu7VNCSvsYl1PdI0Amr9_5utnBM_09h_jw6woyTuYJv-liu_nAkg-mHj7zhfGBtAPuxELck-wVytHtsKtCVecvyArt0U6Vm_xEQCuyXFafUvq3KScLOVu6xg1_BJ1kc1gBsOdhrIBqFTZ4Kmy1e6fP75Pdz21_r7cREYGFoRYqV_33Iq3WbLyxhNFVZ39TYP5Y_FVuIkfyx5KH3-3Rmw3LJl7YUJEZL6ArMlKKayYmmJFdl-47iQ8qZ_Efak-09o7dAcJbgRgwrDPwszxZRaQ4_2-Gm4k7qrle459E7eBAaTO0QD0zC8DZSdEovj8roSZePgYDowTcuVn3M7NixAhM-idvC9MV4qe25iDH9a7ey3XagosgRmvFbbtY7V-BiEqOvu8D12s6O608jafDL15_NTuTY-IAaXOkFNAfAJQgB5_d2_UsKNjao11iL9whE06BO10Mp7a1oYAP4T34fXxELEVWKagU2d3Rurw2S55DbtER56eEHZZpmgVarO_VD7VlGRDthlOEbD0gLMEw9aukeevUbz2hcErT_1ky3_3gxRFFw43IhX2aUC9UOnMznQ-Z11WuwX5pfiAobuxner92ILcRPT8RG_xu0NbO8oOWcWd5-TW0PSupqrWBB3T1liBbwWjTmKwA1i___DHcIjFEjVnv-ku78doi1slEoKaGlm4L13kjz1BqY1S5rbHHYifFIQwCfTOP_crF3DaCdzWTvk_3MdPL1PxS-U0iEu9h15M3u-ijfk3OnTEocgE--xj8geQVBK-D994u_B_Y8Q-npTKAmbA6Lo-BXvqTxqRQGilotSfl5TTvJIYF4U7KBYlUoAwjFqGuAVPcA-x2kookwVvFP9-nuiNdAyYmCldgQUS7e8cyV12djWXiMHW-AJ7IFsZ9WjxcXS8hLTuy2slVP356XkVkUx--pl71sL557mv9hbCqv-hH4N9sDTIFRvHMRMosw9-P43JbLG4qoYr8qIR5u2wJ703tLxYvxxLxAGX8gl2yHIk0p3YQ4hZd1rwhK2TTgU8Mw60CsUqyNI_AtK3yWx7Kuzv7n-jVLnK5AhmPP4VrcmaFyn3WmpbGXGivK53-9jAFnIYGr8SWhH-vc_aIkeJNMz4eBM0WGtSFu8FL4HOwY8P92eCgoawHkIpoqxJ-Gcui_C0xmvNZFCArEpjSbY1Qi05kgPFTvGnhaLtFRdijakTnm4IN3GISOA4pOXD_IBUElPgz0gYMhbXprYyxVeIAQ7fuyk_o2tkNPvjA',
      [Symbol(kCapture)]: false
    },
    [Symbol(kCapture)]: false,
    [Symbol(kBytesWritten)]: 0,
    [Symbol(kNeedDrain)]: false,
    [Symbol(corked)]: 0,
    [Symbol(kOutHeaders)]: [Object: null prototype] {
      accept: [Array],
      'content-type': [Array],
      'user-agent': [Array],
      'accept-encoding': [Array],
      host: [Array]
    },
    [Symbol(errored)]: null,
    [Symbol(kHighWaterMark)]: 16384,
    [Symbol(kRejectNonStandardBodyWrites)]: false,
    [Symbol(kUniqueHeaders)]: null
  },
  data: {
    success: true,
    challenge_ts: '2024-02-16T12:52:02Z',
    hostname: 'prosic.th-deg.de',
    score: 0.9,
    action: 'homepage'
  }
}
[2024-02-16T13:56:08.170] [INFO] mail_worker_server - Entered route /nhfm/online_form
[2024-02-16T13:56:08.299] [INFO] mail_worker_server - googleResponse - data {
  success: true,
  challenge_ts: '2024-02-16T12:55:54Z',
  hostname: 'prosic.th-deg.de',
  score: 0.9,
  action: 'homepage'
}
[2024-02-16T14:06:34.012] [INFO] mail_worker_server - Entered route /nhfm/online_form
[2024-02-16T14:06:34.140] [INFO] mail_worker_server - googleResponse - data {
  success: true,
  challenge_ts: '2024-02-16T13:06:01Z',
  hostname: 'prosic.th-deg.de',
  score: 0.9,
  action: 'homepage'
}
[2024-02-16T14:07:50.000] [INFO] mail_worker_server - Entered route /nhfm/online_form
[2024-02-16T14:07:50.131] [INFO] mail_worker_server - googleResponse - data {
  success: true,
  challenge_ts: '2024-02-16T13:07:38Z',
  hostname: 'prosic.th-deg.de',
  score: 0.9,
  action: 'homepage'
}
[2024-02-16T14:08:41.016] [INFO] mail_worker_server - Entered route /nhfm/online_form
[2024-02-16T14:08:41.149] [INFO] mail_worker_server - googleResponse - data {
  success: true,
  challenge_ts: '2024-02-16T13:08:20Z',
  hostname: 'prosic.th-deg.de',
  score: 0.9,
  action: 'homepage'
}
[2024-02-16T14:10:11.391] [INFO] mail_worker_server - Entered route /nhfm/online_form
[2024-02-16T14:10:11.515] [INFO] mail_worker_server - googleResponse - data {
  success: true,
  challenge_ts: '2024-02-16T13:09:54Z',
  hostname: 'prosic.th-deg.de',
  score: 0.9,
  action: 'homepage'
}
[2024-02-16T14:11:50.209] [INFO] mail_worker_server - Entered route /nhfm/online_form
[2024-02-16T14:11:50.337] [INFO] mail_worker_server - googleResponse - data {
  success: true,
  challenge_ts: '2024-02-16T13:11:39Z',
  hostname: 'prosic.th-deg.de',
  score: 0.9,
  action: 'homepage'
}
[2024-02-16T14:11:50.339] [INFO] mail_worker_server - success true
[2024-02-16T14:11:50.339] [INFO] mail_worker_server - score 0.9
[2024-02-16T14:13:28.618] [INFO] mail_worker_server - Entered route /nhfm/online_form
[2024-02-16T14:13:28.749] [INFO] mail_worker_server - googleResponse - data {
  success: true,
  challenge_ts: '2024-02-16T13:13:17Z',
  hostname: 'prosic.th-deg.de',
  score: 0.9,
  action: 'homepage'
}
[2024-02-16T14:13:28.750] [INFO] mail_worker_server - success true
[2024-02-16T14:13:28.750] [INFO] mail_worker_server - score 0.9
[2024-02-16T14:13:28.750] [INFO] mail_worker_server - formData {
  name: 'Boris',
  email: 'boris.prosic@gmail.com',
  phone: '',
  message: 'wfewrfwer'
}
[2024-02-16T14:18:42.699] [INFO] mail_worker_server - Entered route /nhfm/online_form
[2024-02-16T14:20:08.939] [INFO] mail_worker_server - Entered route /nhfm/online_form
[2024-02-16T14:20:22.288] [INFO] mail_worker_server - Entered route /nhfm/online_form
[2024-02-16T14:21:18.650] [INFO] mail_worker_server - Entered route /nhfm/online_form
[2024-02-16T14:21:31.170] [INFO] mail_worker_server - Entered route /nhfm/online_form
[2024-02-16T14:22:21.824] [INFO] mail_worker_server - Entered route /nhfm/online_form
[2024-02-16T14:26:43.349] [INFO] mail_worker_server - Entered route /nhfm/online_form
[2024-02-16T14:26:43.487] [INFO] sendMail.js - Tu sam
